<?xml version="1.0" encoding="UTF-8"?>
<robot generator="Robot 4.1 (Python 3.9.7 on win32)" generated="20210903 12:04:58.267" rpa="false" schemaversion="2">
<suite id="s1" name="CreateCharacters" source="C:\projects\marvel-api\CreateCharacters.robot">
<test id="s1-t1" name="Deve cadastrar um personagem">
<kw name="Account and Set Headers">
<arg>rafael@hotmail.com</arg>
<kw name="Create Dictionary" library="BuiltIn">
<var>&amp;{usuario}</var>
<arg>email=${email}</arg>
<doc>Creates and returns a dictionary based on the given ``items``.</doc>
<msg timestamp="20210903 12:04:58.711" level="INFO">&amp;{usuario} = { email=rafael@hotmail.com }</msg>
<status status="PASS" starttime="20210903 12:04:58.706" endtime="20210903 12:04:58.713"/>
</kw>
<kw name="POST" library="RequestsLibrary">
<var>${response}</var>
<arg>http://marvel.qaninja.academy/accounts</arg>
<arg>json=${usuario}</arg>
<doc>Sends a POST request.</doc>
<msg timestamp="20210903 12:04:59.220" level="INFO">POST Request : url=http://marvel.qaninja.academy/accounts 
 path_url=/accounts 
 headers={'User-Agent': 'python-requests/2.26.0', 'Accept-Encoding': 'gzip, deflate', 'Accept': '*/*', 'Connection': 'keep-alive', 'Content-Length': '31', 'Content-Type': 'application/json'} 
 body=b'{"email": "rafael@hotmail.com"}' 
 </msg>
<msg timestamp="20210903 12:04:59.220" level="INFO">POST Response : url=http://marvel.qaninja.academy/accounts 
 status=200, reason=OK 
 headers={'Server': 'Cowboy', 'Connection': 'keep-alive', 'X-Powered-By': 'Express', 'Access-Control-Allow-Origin': '*', 'Content-Type': 'application/json; charset=utf-8', 'Content-Length': '41', 'Etag': 'W/"29-6a3tqqsDqfEarNCxDINSLYT9Zxw"', 'Date': 'Fri, 03 Sep 2021 15:04:59 GMT', 'Via': '1.1 vegur'} 
 body={"client_key":"613227086af31f00169d2ad7"} 
 </msg>
<msg timestamp="20210903 12:04:59.220" level="INFO">${response} = &lt;Response [200]&gt;</msg>
<status status="PASS" starttime="20210903 12:04:58.713" endtime="20210903 12:04:59.221"/>
</kw>
<kw name="Set Variable" library="BuiltIn">
<var>${client_key}</var>
<arg>${response.json()}[client_key]</arg>
<doc>Returns the given values which can then be assigned to a variables.</doc>
<msg timestamp="20210903 12:04:59.222" level="INFO">${client_key} = 613227086af31f00169d2ad7</msg>
<status status="PASS" starttime="20210903 12:04:59.221" endtime="20210903 12:04:59.223"/>
</kw>
<kw name="Create Dictionary" library="BuiltIn">
<var>&amp;{HEADERS}</var>
<arg>client_key=${client_key}</arg>
<doc>Creates and returns a dictionary based on the given ``items``.</doc>
<msg timestamp="20210903 12:04:59.225" level="INFO">&amp;{HEADERS} = { client_key=613227086af31f00169d2ad7 }</msg>
<status status="PASS" starttime="20210903 12:04:59.223" endtime="20210903 12:04:59.225"/>
</kw>
<kw name="Set Suite Variable" library="BuiltIn">
<arg>${HEADERS}</arg>
<doc>Makes a variable available everywhere within the scope of the current suite.</doc>
<msg timestamp="20210903 12:04:59.227" level="INFO">${HEADERS} = {'client_key': '613227086af31f00169d2ad7'}</msg>
<status status="PASS" starttime="20210903 12:04:59.226" endtime="20210903 12:04:59.227"/>
</kw>
<status status="PASS" starttime="20210903 12:04:58.706" endtime="20210903 12:04:59.227"/>
</kw>
<kw name="Factory Thanos" library="Thanos">
<var>&amp;{personagem}</var>
<msg timestamp="20210903 12:04:59.231" level="INFO">&amp;{personagem} = { name=James Harper | aliases=Thanos | age=3000 | team=Ordem Negra | active=False }</msg>
<status status="PASS" starttime="20210903 12:04:59.229" endtime="20210903 12:04:59.231"/>
</kw>
<kw name="POST" library="RequestsLibrary">
<var>${response}</var>
<arg>http://marvel.qaninja.academy/characters</arg>
<arg>json=${personagem}</arg>
<arg>headers=${headers}</arg>
<doc>Sends a POST request.</doc>
<msg timestamp="20210903 12:04:59.597" level="INFO">POST Request : url=http://marvel.qaninja.academy/characters 
 path_url=/characters 
 headers={'User-Agent': 'python-requests/2.26.0', 'Accept-Encoding': 'gzip, deflate', 'Accept': '*/*', 'Connection': 'keep-alive', 'client_key': '613227086af31f00169d2ad7', 'Content-Length': '98', 'Content-Type': 'application/json'} 
 body=b'{"name": "James Harper", "aliases": "Thanos", "age": 3000, "team": "Ordem Negra", "active": false}' 
 </msg>
<msg timestamp="20210903 12:04:59.597" level="INFO">POST Response : url=http://marvel.qaninja.academy/characters 
 status=200, reason=OK 
 headers={'Server': 'Cowboy', 'Connection': 'keep-alive', 'X-Powered-By': 'Express', 'Access-Control-Allow-Origin': '*', 'Content-Type': 'application/json; charset=utf-8', 'Content-Length': '157', 'Etag': 'W/"9d-vmkdWDmYjhYW487befNL8euxY2U"', 'Date': 'Fri, 03 Sep 2021 15:04:59 GMT', 'Via': '1.1 vegur'} 
 body={"_id":"6132399b6af31f00169d2c25","name":"James Harper","age":3000,"aliases":"Thanos","team":"Ordem Negra","active":false,"owner":"613227086af31f00169d2ad7"} 
 </msg>
<msg timestamp="20210903 12:04:59.598" level="INFO">${response} = &lt;Response [200]&gt;</msg>
<status status="PASS" starttime="20210903 12:04:59.231" endtime="20210903 12:04:59.598"/>
</kw>
<kw name="Status Should Be" library="RequestsLibrary">
<arg>200</arg>
<arg>${response}</arg>
<doc>Fails if response status code is different than the expected.</doc>
<status status="PASS" starttime="20210903 12:04:59.599" endtime="20210903 12:04:59.600"/>
</kw>
<status status="PASS" starttime="20210903 12:04:58.705" endtime="20210903 12:04:59.601"/>
</test>
<doc>Suite de Teste do cadastro de personagens na API da Marvel</doc>
<status status="PASS" starttime="20210903 12:04:58.270" endtime="20210903 12:04:59.603"/>
</suite>
<statistics>
<total>
<stat pass="1" fail="0" skip="0">All Tests</stat>
</total>
<tag>
</tag>
<suite>
<stat pass="1" fail="0" skip="0" id="s1" name="CreateCharacters">CreateCharacters</stat>
</suite>
</statistics>
<errors>
</errors>
</robot>
