<?xml version="1.0" encoding="UTF-8"?>
<robot generator="Robot 4.1 (Python 3.9.7 on win32)" generated="20210903 18:01:39.230" rpa="false" schemaversion="2">
<suite id="s1" name="CreateCharacters" source="C:\projects\Marvel-api\specs\CreateCharacters.robot">
<kw name="Run Keywords" library="BuiltIn" type="SETUP">
<arg>Set Client Key</arg>
<arg>rafael@hotmail.com</arg>
<arg>AND</arg>
<arg>Back To The Past</arg>
<doc>Executes all the given keywords in a sequence.</doc>
<kw name="Set Client Key" library="Base">
<arg>rafael@hotmail.com</arg>
<kw name="Create Dictionary" library="BuiltIn">
<var>&amp;{usuario}</var>
<arg>email=${email}</arg>
<doc>Creates and returns a dictionary based on the given ``items``.</doc>
<msg timestamp="20210903 18:01:39.452" level="INFO">&amp;{usuario} = { email=rafael@hotmail.com }</msg>
<status status="PASS" starttime="20210903 18:01:39.451" endtime="20210903 18:01:39.452"/>
</kw>
<kw name="POST" library="RequestsLibrary">
<var>${response}</var>
<arg>${API_URL}/accounts</arg>
<arg>json=${usuario}</arg>
<doc>Sends a POST request.</doc>
<msg timestamp="20210903 18:01:39.989" level="INFO">POST Request : url=http://marvel.qaninja.academy/accounts 
 path_url=/accounts 
 headers={'User-Agent': 'python-requests/2.26.0', 'Accept-Encoding': 'gzip, deflate', 'Accept': '*/*', 'Connection': 'keep-alive', 'Content-Length': '31', 'Content-Type': 'application/json'} 
 body=b'{"email": "rafael@hotmail.com"}' 
 </msg>
<msg timestamp="20210903 18:01:39.989" level="INFO">POST Response : url=http://marvel.qaninja.academy/accounts 
 status=200, reason=OK 
 headers={'Server': 'Cowboy', 'Connection': 'keep-alive', 'X-Powered-By': 'Express', 'Access-Control-Allow-Origin': '*', 'Content-Type': 'application/json; charset=utf-8', 'Content-Length': '41', 'Etag': 'W/"29-6a3tqqsDqfEarNCxDINSLYT9Zxw"', 'Date': 'Fri, 03 Sep 2021 21:01:40 GMT', 'Via': '1.1 vegur'} 
 body={"client_key":"613227086af31f00169d2ad7"} 
 </msg>
<msg timestamp="20210903 18:01:39.990" level="INFO">${response} = &lt;Response [200]&gt;</msg>
<status status="PASS" starttime="20210903 18:01:39.452" endtime="20210903 18:01:39.990"/>
</kw>
<kw name="Set Variable" library="BuiltIn">
<var>${client_key}</var>
<arg>${response.json()}[client_key]</arg>
<doc>Returns the given values which can then be assigned to a variables.</doc>
<msg timestamp="20210903 18:01:39.991" level="INFO">${client_key} = 613227086af31f00169d2ad7</msg>
<status status="PASS" starttime="20210903 18:01:39.990" endtime="20210903 18:01:39.991"/>
</kw>
<kw name="Create Dictionary" library="BuiltIn">
<var>&amp;{HEADERS}</var>
<arg>client_key=${client_key}</arg>
<doc>Creates and returns a dictionary based on the given ``items``.</doc>
<msg timestamp="20210903 18:01:39.992" level="INFO">&amp;{HEADERS} = { client_key=613227086af31f00169d2ad7 }</msg>
<status status="PASS" starttime="20210903 18:01:39.991" endtime="20210903 18:01:39.992"/>
</kw>
<kw name="Set Suite Variable" library="BuiltIn">
<arg>${HEADERS}</arg>
<doc>Makes a variable available everywhere within the scope of the current suite.</doc>
<msg timestamp="20210903 18:01:39.992" level="INFO">${HEADERS} = {'client_key': '613227086af31f00169d2ad7'}</msg>
<status status="PASS" starttime="20210903 18:01:39.992" endtime="20210903 18:01:39.992"/>
</kw>
<status status="PASS" starttime="20210903 18:01:39.451" endtime="20210903 18:01:39.993"/>
</kw>
<kw name="Back To The Past" library="Base">
<kw name="DELETE" library="RequestsLibrary">
<arg>${API_URL}/delorean</arg>
<arg>headers=${HEADERS}</arg>
<doc>Sends a DELETE request.</doc>
<msg timestamp="20210903 18:01:40.333" level="INFO">DELETE Request : url=http://marvel.qaninja.academy/delorean 
 path_url=/delorean 
 headers={'User-Agent': 'python-requests/2.26.0', 'Accept-Encoding': 'gzip, deflate', 'Accept': '*/*', 'Connection': 'keep-alive', 'client_key': '613227086af31f00169d2ad7', 'Content-Length': '0'} 
 body=None 
 </msg>
<msg timestamp="20210903 18:01:40.334" level="INFO">DELETE Response : url=http://marvel.qaninja.academy/delorean 
 status=200, reason=OK 
 headers={'Server': 'Cowboy', 'Connection': 'keep-alive', 'X-Powered-By': 'Express', 'Access-Control-Allow-Origin': '*', 'Content-Type': 'application/json; charset=utf-8', 'Content-Length': '31', 'Etag': 'W/"1f-ImqlboUfbv1n1FbEV48J/4RvhGg"', 'Date': 'Fri, 03 Sep 2021 21:01:40 GMT', 'Via': '1.1 vegur'} 
 body={"message":"Avengers Assemble"} 
 </msg>
<status status="PASS" starttime="20210903 18:01:39.994" endtime="20210903 18:01:40.335"/>
</kw>
<status status="PASS" starttime="20210903 18:01:39.993" endtime="20210903 18:01:40.336"/>
</kw>
<status status="PASS" starttime="20210903 18:01:39.451" endtime="20210903 18:01:40.337"/>
</kw>
<test id="s1-t1" name="Deve cadastrar um personagem">
<kw name="Factory Thanos" library="Thanos">
<var>${personagem}</var>
<msg timestamp="20210903 18:01:40.338" level="INFO">${personagem} = {'name': 'Thanos de Titã', 'aliases': 'Thanos', 'age': 3000, 'team': 'Ordem Negra', 'active': False}</msg>
<status status="PASS" starttime="20210903 18:01:40.338" endtime="20210903 18:01:40.338"/>
</kw>
<kw name="POST New Character" library="characters">
<var>${response}</var>
<arg>${personagem}</arg>
<kw name="POST" library="RequestsLibrary">
<var>${response}</var>
<arg>${API_URL}/characters</arg>
<arg>json=${payload}</arg>
<arg>headers=${HEADERS}</arg>
<arg>expected_status=any</arg>
<doc>Sends a POST request.</doc>
<msg timestamp="20210903 18:01:40.669" level="INFO">POST Request : url=http://marvel.qaninja.academy/characters 
 path_url=/characters 
 headers={'User-Agent': 'python-requests/2.26.0', 'Accept-Encoding': 'gzip, deflate', 'Accept': '*/*', 'Connection': 'keep-alive', 'client_key': '613227086af31f00169d2ad7', 'Content-Length': '105', 'Content-Type': 'application/json'} 
 body=b'{"name": "Thanos de Tit\\u00e3", "aliases": "Thanos", "age": 3000, "team": "Ordem Negra", "active": false}' 
 </msg>
<msg timestamp="20210903 18:01:40.670" level="INFO">POST Response : url=http://marvel.qaninja.academy/characters 
 status=200, reason=OK 
 headers={'Server': 'Cowboy', 'Connection': 'keep-alive', 'X-Powered-By': 'Express', 'Access-Control-Allow-Origin': '*', 'Content-Type': 'application/json; charset=utf-8', 'Content-Length': '160', 'Etag': 'W/"a0-5VpU67xz+Z+BZjGigU1lWjHBqHw"', 'Date': 'Fri, 03 Sep 2021 21:01:41 GMT', 'Via': '1.1 vegur'} 
 body={"_id":"61328d356af31f00169d32c7","name":"Thanos de Titã","age":3000,"aliases":"Thanos","team":"Ordem Negra","active":false,"owner":"613227086af31f00169d2ad7"} 
 </msg>
<msg timestamp="20210903 18:01:40.670" level="INFO">${response} = &lt;Response [200]&gt;</msg>
<status status="PASS" starttime="20210903 18:01:40.340" endtime="20210903 18:01:40.670"/>
</kw>
<msg timestamp="20210903 18:01:40.671" level="INFO">${response} = &lt;Response [200]&gt;</msg>
<status status="PASS" starttime="20210903 18:01:40.339" endtime="20210903 18:01:40.671"/>
</kw>
<kw name="Status Should Be" library="RequestsLibrary">
<arg>200</arg>
<arg>${response}</arg>
<doc>Fails if response status code is different than the expected.</doc>
<status status="PASS" starttime="20210903 18:01:40.671" endtime="20210903 18:01:40.671"/>
</kw>
<status status="PASS" starttime="20210903 18:01:40.337" endtime="20210903 18:01:40.672"/>
</test>
<test id="s1-t2" name="Não deve Cadastrar com o mesmo nome">
<kw name="Factory Deadpool" library="Deadpool">
<var>${personagem}</var>
<msg timestamp="20210903 18:01:40.675" level="INFO">${personagem} = {'name': 'Wade Wilson', 'aliases': 'Deadpool', 'age': 40, 'team': 'X Force', 'active': True}</msg>
<status status="PASS" starttime="20210903 18:01:40.675" endtime="20210903 18:01:40.675"/>
</kw>
<kw name="POST New Character" library="characters">
<arg>${personagem}</arg>
<kw name="POST" library="RequestsLibrary">
<var>${response}</var>
<arg>${API_URL}/characters</arg>
<arg>json=${payload}</arg>
<arg>headers=${HEADERS}</arg>
<arg>expected_status=any</arg>
<doc>Sends a POST request.</doc>
<msg timestamp="20210903 18:01:41.016" level="INFO">POST Request : url=http://marvel.qaninja.academy/characters 
 path_url=/characters 
 headers={'User-Agent': 'python-requests/2.26.0', 'Accept-Encoding': 'gzip, deflate', 'Accept': '*/*', 'Connection': 'keep-alive', 'client_key': '613227086af31f00169d2ad7', 'Content-Length': '92', 'Content-Type': 'application/json'} 
 body=b'{"name": "Wade Wilson", "aliases": "Deadpool", "age": 40, "team": "X Force", "active": true}' 
 </msg>
<msg timestamp="20210903 18:01:41.017" level="INFO">POST Response : url=http://marvel.qaninja.academy/characters 
 status=200, reason=OK 
 headers={'Server': 'Cowboy', 'Connection': 'keep-alive', 'X-Powered-By': 'Express', 'Access-Control-Allow-Origin': '*', 'Content-Type': 'application/json; charset=utf-8', 'Content-Length': '151', 'Etag': 'W/"97-p3+eOrBwt8Svew0N4KQqqLYYG8s"', 'Date': 'Fri, 03 Sep 2021 21:01:41 GMT', 'Via': '1.1 vegur'} 
 body={"_id":"61328d356af31f00169d32cb","name":"Wade Wilson","age":40,"aliases":"Deadpool","team":"X Force","active":true,"owner":"613227086af31f00169d2ad7"} 
 </msg>
<msg timestamp="20210903 18:01:41.017" level="INFO">${response} = &lt;Response [200]&gt;</msg>
<status status="PASS" starttime="20210903 18:01:40.677" endtime="20210903 18:01:41.017"/>
</kw>
<status status="PASS" starttime="20210903 18:01:40.676" endtime="20210903 18:01:41.018"/>
</kw>
<kw name="POST New Character" library="characters">
<var>${response}</var>
<arg>${personagem}</arg>
<kw name="POST" library="RequestsLibrary">
<var>${response}</var>
<arg>${API_URL}/characters</arg>
<arg>json=${payload}</arg>
<arg>headers=${HEADERS}</arg>
<arg>expected_status=any</arg>
<doc>Sends a POST request.</doc>
<msg timestamp="20210903 18:01:41.351" level="INFO">POST Request : url=http://marvel.qaninja.academy/characters 
 path_url=/characters 
 headers={'User-Agent': 'python-requests/2.26.0', 'Accept-Encoding': 'gzip, deflate', 'Accept': '*/*', 'Connection': 'keep-alive', 'client_key': '613227086af31f00169d2ad7', 'Content-Length': '92', 'Content-Type': 'application/json'} 
 body=b'{"name": "Wade Wilson", "aliases": "Deadpool", "age": 40, "team": "X Force", "active": true}' 
 </msg>
<msg timestamp="20210903 18:01:41.351" level="INFO">POST Response : url=http://marvel.qaninja.academy/characters 
 status=409, reason=Conflict 
 headers={'Server': 'Cowboy', 'Connection': 'keep-alive', 'X-Powered-By': 'Express', 'Access-Control-Allow-Origin': '*', 'Content-Type': 'application/json; charset=utf-8', 'Content-Length': '39', 'Etag': 'W/"27-u8CjYCAAYHK/l+EQR0JyKi0LQGU"', 'Date': 'Fri, 03 Sep 2021 21:01:41 GMT', 'Via': '1.1 vegur'} 
 body={"error":"Character already exists :("} 
 </msg>
<msg timestamp="20210903 18:01:41.351" level="INFO">${response} = &lt;Response [409]&gt;</msg>
<status status="PASS" starttime="20210903 18:01:41.020" endtime="20210903 18:01:41.351"/>
</kw>
<msg timestamp="20210903 18:01:41.352" level="INFO">${response} = &lt;Response [409]&gt;</msg>
<status status="PASS" starttime="20210903 18:01:41.018" endtime="20210903 18:01:41.352"/>
</kw>
<kw name="Status Should Be" library="RequestsLibrary">
<arg>409</arg>
<arg>${response}</arg>
<doc>Fails if response status code is different than the expected.</doc>
<status status="PASS" starttime="20210903 18:01:41.353" endtime="20210903 18:01:41.353"/>
</kw>
<kw name="Should Be Equal" library="BuiltIn">
<arg>${response.json()}[error]</arg>
<arg>Character already exists :(</arg>
<doc>Fails if the given objects are unequal.</doc>
<status status="PASS" starttime="20210903 18:01:41.354" endtime="20210903 18:01:41.355"/>
</kw>
<tag>dup</tag>
<status status="PASS" starttime="20210903 18:01:40.674" endtime="20210903 18:01:41.355"/>
</test>
<doc>Suite de Teste do cadastro de personagens na API da Marvel</doc>
<status status="PASS" starttime="20210903 18:01:39.237" endtime="20210903 18:01:41.358"/>
</suite>
<statistics>
<total>
<stat pass="2" fail="0" skip="0">All Tests</stat>
</total>
<tag>
<stat pass="1" fail="0" skip="0">dup</stat>
</tag>
<suite>
<stat pass="2" fail="0" skip="0" id="s1" name="CreateCharacters">CreateCharacters</stat>
</suite>
</statistics>
<errors>
</errors>
</robot>
