<?xml version="1.0" encoding="UTF-8"?>
<robot generator="Robot 4.1 (Python 3.9.7 on win32)" generated="20210903 14:28:32.947" rpa="false" schemaversion="2">
<suite id="s1" name="CreateCharacters" source="C:\projects\marvel-api\specs\CreateCharacters.robot">
<test id="s1-t1" name="Deve cadastrar um personagem">
<kw name="Set Client Key">
<arg>rafael@hotmail.com</arg>
<kw name="Create Dictionary" library="BuiltIn">
<var>&amp;{usuario}</var>
<arg>email=${email}</arg>
<doc>Creates and returns a dictionary based on the given ``items``.</doc>
<msg timestamp="20210903 14:28:33.289" level="INFO">&amp;{usuario} = { email=rafael@hotmail.com }</msg>
<status status="PASS" starttime="20210903 14:28:33.289" endtime="20210903 14:28:33.289"/>
</kw>
<kw name="POST" library="RequestsLibrary">
<var>${response}</var>
<arg>http://marvel.qaninja.academy/accounts</arg>
<arg>json=${usuario}</arg>
<doc>Sends a POST request.</doc>
<msg timestamp="20210903 14:28:34.666" level="INFO">POST Request : url=http://marvel.qaninja.academy/accounts 
 path_url=/accounts 
 headers={'User-Agent': 'python-requests/2.26.0', 'Accept-Encoding': 'gzip, deflate', 'Accept': '*/*', 'Connection': 'keep-alive', 'Content-Length': '31', 'Content-Type': 'application/json'} 
 body=b'{"email": "rafael@hotmail.com"}' 
 </msg>
<msg timestamp="20210903 14:28:34.666" level="INFO">POST Response : url=http://marvel.qaninja.academy/accounts 
 status=200, reason=OK 
 headers={'Server': 'Cowboy', 'Connection': 'keep-alive', 'X-Powered-By': 'Express', 'Access-Control-Allow-Origin': '*', 'Content-Type': 'application/json; charset=utf-8', 'Content-Length': '41', 'Etag': 'W/"29-6a3tqqsDqfEarNCxDINSLYT9Zxw"', 'Date': 'Fri, 03 Sep 2021 17:28:35 GMT', 'Via': '1.1 vegur'} 
 body={"client_key":"613227086af31f00169d2ad7"} 
 </msg>
<msg timestamp="20210903 14:28:34.667" level="INFO">${response} = &lt;Response [200]&gt;</msg>
<status status="PASS" starttime="20210903 14:28:33.289" endtime="20210903 14:28:34.667"/>
</kw>
<kw name="Set Variable" library="BuiltIn">
<var>${client_key}</var>
<arg>${response.json()}[client_key]</arg>
<doc>Returns the given values which can then be assigned to a variables.</doc>
<msg timestamp="20210903 14:28:34.668" level="INFO">${client_key} = 613227086af31f00169d2ad7</msg>
<status status="PASS" starttime="20210903 14:28:34.667" endtime="20210903 14:28:34.668"/>
</kw>
<kw name="Create Dictionary" library="BuiltIn">
<var>&amp;{HEADERS}</var>
<arg>client_key=${client_key}</arg>
<doc>Creates and returns a dictionary based on the given ``items``.</doc>
<msg timestamp="20210903 14:28:34.670" level="INFO">&amp;{HEADERS} = { client_key=613227086af31f00169d2ad7 }</msg>
<status status="PASS" starttime="20210903 14:28:34.669" endtime="20210903 14:28:34.670"/>
</kw>
<kw name="Set Suite Variable" library="BuiltIn">
<arg>${HEADERS}</arg>
<doc>Makes a variable available everywhere within the scope of the current suite.</doc>
<msg timestamp="20210903 14:28:34.670" level="INFO">${HEADERS} = {'client_key': '613227086af31f00169d2ad7'}</msg>
<status status="PASS" starttime="20210903 14:28:34.670" endtime="20210903 14:28:34.670"/>
</kw>
<status status="PASS" starttime="20210903 14:28:33.288" endtime="20210903 14:28:34.670"/>
</kw>
<kw name="Factory Thanos" library="Thanos">
<var>&amp;{personagem}</var>
<msg timestamp="20210903 14:28:34.671" level="INFO">&amp;{personagem} = { name=William Burton | aliases=Thanos | age=3000 | team=Ordem Negra | active=False }</msg>
<status status="PASS" starttime="20210903 14:28:34.671" endtime="20210903 14:28:34.671"/>
</kw>
<kw name="POST" library="RequestsLibrary">
<var>${response}</var>
<arg>http://marvel.qaninja.academy/characters</arg>
<arg>json=${personagem}</arg>
<arg>headers=${headers}</arg>
<doc>Sends a POST request.</doc>
<msg timestamp="20210903 14:28:35.012" level="INFO">POST Request : url=http://marvel.qaninja.academy/characters 
 path_url=/characters 
 headers={'User-Agent': 'python-requests/2.26.0', 'Accept-Encoding': 'gzip, deflate', 'Accept': '*/*', 'Connection': 'keep-alive', 'client_key': '613227086af31f00169d2ad7', 'Content-Length': '100', 'Content-Type': 'application/json'} 
 body=b'{"name": "William Burton", "aliases": "Thanos", "age": 3000, "team": "Ordem Negra", "active": false}' 
 </msg>
<msg timestamp="20210903 14:28:35.013" level="INFO">POST Response : url=http://marvel.qaninja.academy/characters 
 status=200, reason=OK 
 headers={'Server': 'Cowboy', 'Connection': 'keep-alive', 'X-Powered-By': 'Express', 'Access-Control-Allow-Origin': '*', 'Content-Type': 'application/json; charset=utf-8', 'Content-Length': '159', 'Etag': 'W/"9f-Luc1Og7Cx+jACXs6+3c1NClcTic"', 'Date': 'Fri, 03 Sep 2021 17:28:35 GMT', 'Via': '1.1 vegur'} 
 body={"_id":"61325b436af31f00169d2dbc","name":"William Burton","age":3000,"aliases":"Thanos","team":"Ordem Negra","active":false,"owner":"613227086af31f00169d2ad7"} 
 </msg>
<msg timestamp="20210903 14:28:35.013" level="INFO">${response} = &lt;Response [200]&gt;</msg>
<status status="PASS" starttime="20210903 14:28:34.672" endtime="20210903 14:28:35.013"/>
</kw>
<kw name="Status Should Be" library="RequestsLibrary">
<arg>200</arg>
<arg>${response}</arg>
<doc>Fails if response status code is different than the expected.</doc>
<status status="PASS" starttime="20210903 14:28:35.014" endtime="20210903 14:28:35.015"/>
</kw>
<status status="PASS" starttime="20210903 14:28:33.288" endtime="20210903 14:28:35.016"/>
</test>
<doc>Suite de Teste do cadastro de personagens na API da Marvel</doc>
<status status="PASS" starttime="20210903 14:28:32.950" endtime="20210903 14:28:35.017"/>
</suite>
<statistics>
<total>
<stat pass="1" fail="0" skip="0">All Tests</stat>
</total>
<tag>
</tag>
<suite>
<stat pass="1" fail="0" skip="0" id="s1" name="CreateCharacters">CreateCharacters</stat>
</suite>
</statistics>
<errors>
</errors>
</robot>
