<?xml version="1.0" encoding="UTF-8"?>
<robot generator="Robot 4.1 (Python 3.9.7 on win32)" generated="20210903 16:57:01.285" rpa="false" schemaversion="2">
<suite id="s1" name="CreateCharacters" source="C:\projects\Marvel-api\specs\CreateCharacters.robot">
<test id="s1-t1" name="Deve cadastrar um personagem">
<kw name="Set Client Key" library="Base">
<arg>rafael@hotmail.com</arg>
<kw name="Create Dictionary" library="BuiltIn">
<var>&amp;{usuario}</var>
<arg>email=${email}</arg>
<doc>Creates and returns a dictionary based on the given ``items``.</doc>
<msg timestamp="20210903 16:57:01.762" level="INFO">&amp;{usuario} = { email=rafael@hotmail.com }</msg>
<status status="PASS" starttime="20210903 16:57:01.761" endtime="20210903 16:57:01.762"/>
</kw>
<kw name="POST" library="RequestsLibrary">
<var>${response}</var>
<arg>${API_URL}/accounts</arg>
<arg>json=${usuario}</arg>
<doc>Sends a POST request.</doc>
<msg timestamp="20210903 16:57:02.105" level="INFO">POST Request : url=http://marvel.qaninja.academy/accounts 
 path_url=/accounts 
 headers={'User-Agent': 'python-requests/2.26.0', 'Accept-Encoding': 'gzip, deflate', 'Accept': '*/*', 'Connection': 'keep-alive', 'Content-Length': '31', 'Content-Type': 'application/json'} 
 body=b'{"email": "rafael@hotmail.com"}' 
 </msg>
<msg timestamp="20210903 16:57:02.105" level="INFO">POST Response : url=http://marvel.qaninja.academy/accounts 
 status=200, reason=OK 
 headers={'Server': 'Cowboy', 'Connection': 'keep-alive', 'X-Powered-By': 'Express', 'Access-Control-Allow-Origin': '*', 'Content-Type': 'application/json; charset=utf-8', 'Content-Length': '41', 'Etag': 'W/"29-6a3tqqsDqfEarNCxDINSLYT9Zxw"', 'Date': 'Fri, 03 Sep 2021 19:57:02 GMT', 'Via': '1.1 vegur'} 
 body={"client_key":"613227086af31f00169d2ad7"} 
 </msg>
<msg timestamp="20210903 16:57:02.107" level="INFO">${response} = &lt;Response [200]&gt;</msg>
<status status="PASS" starttime="20210903 16:57:01.762" endtime="20210903 16:57:02.108"/>
</kw>
<kw name="Set Variable" library="BuiltIn">
<var>${client_key}</var>
<arg>${response.json()}[client_key]</arg>
<doc>Returns the given values which can then be assigned to a variables.</doc>
<msg timestamp="20210903 16:57:02.113" level="INFO">${client_key} = 613227086af31f00169d2ad7</msg>
<status status="PASS" starttime="20210903 16:57:02.110" endtime="20210903 16:57:02.113"/>
</kw>
<kw name="Create Dictionary" library="BuiltIn">
<var>&amp;{HEADERS}</var>
<arg>client_key=${client_key}</arg>
<doc>Creates and returns a dictionary based on the given ``items``.</doc>
<msg timestamp="20210903 16:57:02.113" level="INFO">&amp;{HEADERS} = { client_key=613227086af31f00169d2ad7 }</msg>
<status status="PASS" starttime="20210903 16:57:02.113" endtime="20210903 16:57:02.113"/>
</kw>
<kw name="Set Suite Variable" library="BuiltIn">
<arg>${HEADERS}</arg>
<doc>Makes a variable available everywhere within the scope of the current suite.</doc>
<msg timestamp="20210903 16:57:02.114" level="INFO">${HEADERS} = {'client_key': '613227086af31f00169d2ad7'}</msg>
<status status="PASS" starttime="20210903 16:57:02.113" endtime="20210903 16:57:02.114"/>
</kw>
<status status="PASS" starttime="20210903 16:57:01.761" endtime="20210903 16:57:02.114"/>
</kw>
<kw name="Factory Thanos" library="Thanos">
<var>${personagem}</var>
<msg timestamp="20210903 16:57:02.115" level="INFO">${personagem} = {'name': 'Brandon Knight', 'aliases': 'Thanos', 'age': 3000, 'team': 'Ordem Negra', 'active': False}</msg>
<status status="PASS" starttime="20210903 16:57:02.115" endtime="20210903 16:57:02.115"/>
</kw>
<kw name="POST New Character" library="characters">
<var>${response}</var>
<arg>${personagem}</arg>
<kw name="POST" library="RequestsLibrary">
<var>${response}</var>
<arg>${API_URL}/characters</arg>
<arg>json=${payload}</arg>
<arg>headers=${HEADERS}</arg>
<arg>expected_status=any</arg>
<doc>Sends a POST request.</doc>
<msg timestamp="20210903 16:57:02.446" level="INFO">POST Request : url=http://marvel.qaninja.academy/characters 
 path_url=/characters 
 headers={'User-Agent': 'python-requests/2.26.0', 'Accept-Encoding': 'gzip, deflate', 'Accept': '*/*', 'Connection': 'keep-alive', 'client_key': '613227086af31f00169d2ad7', 'Content-Length': '100', 'Content-Type': 'application/json'} 
 body=b'{"name": "Brandon Knight", "aliases": "Thanos", "age": 3000, "team": "Ordem Negra", "active": false}' 
 </msg>
<msg timestamp="20210903 16:57:02.446" level="INFO">POST Response : url=http://marvel.qaninja.academy/characters 
 status=200, reason=OK 
 headers={'Server': 'Cowboy', 'Connection': 'keep-alive', 'X-Powered-By': 'Express', 'Access-Control-Allow-Origin': '*', 'Content-Type': 'application/json; charset=utf-8', 'Content-Length': '159', 'Etag': 'W/"9f-BDRLhMHgaZoFw7HL/GdjENtu2L0"', 'Date': 'Fri, 03 Sep 2021 19:57:02 GMT', 'Via': '1.1 vegur'} 
 body={"_id":"61327e0e6af31f00169d317b","name":"Brandon Knight","age":3000,"aliases":"Thanos","team":"Ordem Negra","active":false,"owner":"613227086af31f00169d2ad7"} 
 </msg>
<msg timestamp="20210903 16:57:02.446" level="INFO">${response} = &lt;Response [200]&gt;</msg>
<status status="PASS" starttime="20210903 16:57:02.116" endtime="20210903 16:57:02.446"/>
</kw>
<msg timestamp="20210903 16:57:02.446" level="INFO">${response} = &lt;Response [200]&gt;</msg>
<status status="PASS" starttime="20210903 16:57:02.116" endtime="20210903 16:57:02.446"/>
</kw>
<kw name="Status Should Be" library="RequestsLibrary">
<arg>200</arg>
<arg>${response}</arg>
<doc>Fails if response status code is different than the expected.</doc>
<status status="PASS" starttime="20210903 16:57:02.447" endtime="20210903 16:57:02.448"/>
</kw>
<status status="PASS" starttime="20210903 16:57:01.760" endtime="20210903 16:57:02.448"/>
</test>
<test id="s1-t2" name="Não deve Cadastrar com o mesmo nome">
<kw name="Factory Thanos" library="Thanos">
<var>${personagem}</var>
<msg timestamp="20210903 16:57:02.450" level="INFO">${personagem} = {'name': 'Stanley Ingram', 'aliases': 'Thanos', 'age': 3000, 'team': 'Ordem Negra', 'active': False}</msg>
<status status="PASS" starttime="20210903 16:57:02.449" endtime="20210903 16:57:02.450"/>
</kw>
<kw name="POST New Character" library="characters">
<arg>${personagem}</arg>
<kw name="POST" library="RequestsLibrary">
<var>${response}</var>
<arg>${API_URL}/characters</arg>
<arg>json=${payload}</arg>
<arg>headers=${HEADERS}</arg>
<arg>expected_status=any</arg>
<doc>Sends a POST request.</doc>
<msg timestamp="20210903 16:57:02.773" level="INFO">POST Request : url=http://marvel.qaninja.academy/characters 
 path_url=/characters 
 headers={'User-Agent': 'python-requests/2.26.0', 'Accept-Encoding': 'gzip, deflate', 'Accept': '*/*', 'Connection': 'keep-alive', 'client_key': '613227086af31f00169d2ad7', 'Content-Length': '100', 'Content-Type': 'application/json'} 
 body=b'{"name": "Stanley Ingram", "aliases": "Thanos", "age": 3000, "team": "Ordem Negra", "active": false}' 
 </msg>
<msg timestamp="20210903 16:57:02.774" level="INFO">POST Response : url=http://marvel.qaninja.academy/characters 
 status=200, reason=OK 
 headers={'Server': 'Cowboy', 'Connection': 'keep-alive', 'X-Powered-By': 'Express', 'Access-Control-Allow-Origin': '*', 'Content-Type': 'application/json; charset=utf-8', 'Content-Length': '159', 'Etag': 'W/"9f-jsPmlpZeXrQDcJOTQ9v7n7WxGNM"', 'Date': 'Fri, 03 Sep 2021 19:57:03 GMT', 'Via': '1.1 vegur'} 
 body={"_id":"61327e0f6af31f00169d317f","name":"Stanley Ingram","age":3000,"aliases":"Thanos","team":"Ordem Negra","active":false,"owner":"613227086af31f00169d2ad7"} 
 </msg>
<msg timestamp="20210903 16:57:02.776" level="INFO">${response} = &lt;Response [200]&gt;</msg>
<status status="PASS" starttime="20210903 16:57:02.451" endtime="20210903 16:57:02.776"/>
</kw>
<status status="PASS" starttime="20210903 16:57:02.451" endtime="20210903 16:57:02.777"/>
</kw>
<kw name="POST New Character" library="characters">
<var>${response}</var>
<arg>${personagem}</arg>
<kw name="POST" library="RequestsLibrary">
<var>${response}</var>
<arg>${API_URL}/characters</arg>
<arg>json=${payload}</arg>
<arg>headers=${HEADERS}</arg>
<arg>expected_status=any</arg>
<doc>Sends a POST request.</doc>
<msg timestamp="20210903 16:57:03.100" level="INFO">POST Request : url=http://marvel.qaninja.academy/characters 
 path_url=/characters 
 headers={'User-Agent': 'python-requests/2.26.0', 'Accept-Encoding': 'gzip, deflate', 'Accept': '*/*', 'Connection': 'keep-alive', 'client_key': '613227086af31f00169d2ad7', 'Content-Length': '100', 'Content-Type': 'application/json'} 
 body=b'{"name": "Stanley Ingram", "aliases": "Thanos", "age": 3000, "team": "Ordem Negra", "active": false}' 
 </msg>
<msg timestamp="20210903 16:57:03.100" level="INFO">POST Response : url=http://marvel.qaninja.academy/characters 
 status=409, reason=Conflict 
 headers={'Server': 'Cowboy', 'Connection': 'keep-alive', 'X-Powered-By': 'Express', 'Access-Control-Allow-Origin': '*', 'Content-Type': 'application/json; charset=utf-8', 'Content-Length': '39', 'Etag': 'W/"27-u8CjYCAAYHK/l+EQR0JyKi0LQGU"', 'Date': 'Fri, 03 Sep 2021 19:57:03 GMT', 'Via': '1.1 vegur'} 
 body={"error":"Character already exists :("} 
 </msg>
<msg timestamp="20210903 16:57:03.100" level="INFO">${response} = &lt;Response [409]&gt;</msg>
<status status="PASS" starttime="20210903 16:57:02.780" endtime="20210903 16:57:03.100"/>
</kw>
<msg timestamp="20210903 16:57:03.101" level="INFO">${response} = &lt;Response [409]&gt;</msg>
<status status="PASS" starttime="20210903 16:57:02.778" endtime="20210903 16:57:03.101"/>
</kw>
<kw name="Status Should Be" library="RequestsLibrary">
<arg>409</arg>
<arg>${response}</arg>
<doc>Fails if response status code is different than the expected.</doc>
<status status="PASS" starttime="20210903 16:57:03.102" endtime="20210903 16:57:03.102"/>
</kw>
<kw name="Should Be Equal" library="BuiltIn">
<arg>${response.json()}[error]</arg>
<arg>Character already exists :(</arg>
<doc>Fails if the given objects are unequal.</doc>
<status status="PASS" starttime="20210903 16:57:03.103" endtime="20210903 16:57:03.103"/>
</kw>
<status status="PASS" starttime="20210903 16:57:02.449" endtime="20210903 16:57:03.104"/>
</test>
<doc>Suite de Teste do cadastro de personagens na API da Marvel</doc>
<status status="PASS" starttime="20210903 16:57:01.287" endtime="20210903 16:57:03.109"/>
</suite>
<statistics>
<total>
<stat pass="2" fail="0" skip="0">All Tests</stat>
</total>
<tag>
</tag>
<suite>
<stat pass="2" fail="0" skip="0" id="s1" name="CreateCharacters">CreateCharacters</stat>
</suite>
</statistics>
<errors>
</errors>
</robot>
